<?xml version="1.0" encoding="UTF-8"?>
<!-- Generated by org.testng.reporters.JUnitXMLReporter -->
<testsuite ignored="0" hostname="SakshiBhavsar" failures="0" tests="4" name="Default test" time="74.007" errors="0" timestamp="2023-05-17T11:28:57 IST">
  <testcase classname="testScripts.PlaceOrderTest" name="LoginPage" time="3.811"/>
  <testcase classname="testScripts.PlaceOrderTest" name="addItemTest" time="19.717"/>
  <testcase classname="testScripts.PlaceOrderTest" name="DeleteItemFromcart" time="14.61"/>
  <testcase classname="testScripts.PlaceOrderTest" name="PlaceOrderFromCart" time="24.697"/>
</testsuite> <!-- Default test -->
