<?xml version="1.0" encoding="UTF-8"?>
<!-- Generated by org.testng.reporters.JUnitXMLReporter -->
<testsuite ignored="0" hostname="SakshiBhavsar" failures="0" tests="4" name="Default test" time="74.125" errors="0" timestamp="2023-05-17T12:08:02 IST">
  <testcase classname="testScripts.PlaceOrderTest" name="LoginPage" time="3.752"/>
  <testcase classname="testScripts.PlaceOrderTest" name="addItemTest" time="19.978"/>
  <testcase classname="testScripts.PlaceOrderTest" name="DeleteItemFromcart" time="14.13"/>
  <testcase classname="testScripts.PlaceOrderTest" name="PlaceOrderFromCart" time="24.442"/>
</testsuite> <!-- Default test -->
