<?xml version="1.0" encoding="UTF-8"?>
<!-- Generated by org.testng.reporters.JUnitXMLReporter -->
<testsuite ignored="0" hostname="SakshiBhavsar" failures="0" tests="4" name="Test" time="78.075" errors="0" timestamp="2023-05-17T12:51:25 IST">
  <testcase classname="testScripts.PlaceOrderTest" name="LoginPage" time="4.02"/>
  <testcase classname="testScripts.PlaceOrderTest" name="addItemTest" time="21.217"/>
  <testcase classname="testScripts.PlaceOrderTest" name="DeleteItemFromcart" time="14.84"/>
  <testcase classname="testScripts.PlaceOrderTest" name="PlaceOrderFromCart" time="25.474"/>
</testsuite> <!-- Test -->
