<?xml version="1.0" encoding="UTF-8"?>
<!-- Generated by org.testng.reporters.JUnitXMLReporter -->
<testsuite ignored="0" hostname="SakshiBhavsar" failures="0" tests="4" name="Test" time="87.852" errors="0" timestamp="2023-05-17T17:21:37 IST">
  <testcase classname="testScripts.PlaceOrderTest" name="LoginPage" time="3.844"/>
  <testcase classname="testScripts.PlaceOrderTest" name="addItemTest" time="29.222"/>
  <testcase classname="testScripts.PlaceOrderTest" name="DeleteItemFromcart" time="15.722"/>
  <testcase classname="testScripts.PlaceOrderTest" name="PlaceOrderFromCart" time="25.409"/>
</testsuite> <!-- Test -->
