<?xml version="1.0" encoding="UTF-8"?>
<!-- Generated by org.testng.reporters.JUnitXMLReporter -->
<testsuite ignored="0" hostname="SakshiBhavsar" failures="0" tests="4" name="Test" time="79.104" errors="0" timestamp="2023-05-17T13:08:17 IST">
  <testcase classname="testScripts.PlaceOrderTest" name="LoginPage" time="4.049"/>
  <testcase classname="testScripts.PlaceOrderTest" name="addItemTest" time="21.23"/>
  <testcase classname="testScripts.PlaceOrderTest" name="DeleteItemFromcart" time="15.08"/>
  <testcase classname="testScripts.PlaceOrderTest" name="PlaceOrderFromCart" time="25.687"/>
</testsuite> <!-- Test -->
